# JRE version: Java(TM) SE Runtime Environment (8.0_144-b01) (build 1.8.0_144-b01)
# Java VM: Java HotSpot(TM) 64-Bit Server VM (25.144-b01 mixed mode linux-amd64 compressed oops)
Heap:
 PSYoungGen      total 31232K, used 10583K [0x00000000e7780000, 0x00000000ea000000, 0x0000000100000000)
  eden space 28160K, 26% used [0x00000000e7780000,0x00000000e7eda9d8,0x00000000e9300000)
  from space 3072K, 99% used [0x00000000e9d00000,0x00000000e9ffb450,0x00000000ea000000)
  to   space 3072K, 0% used [0x00000000e9a00000,0x00000000e9a00000,0x00000000e9d00000)
 ParOldGen       total 80384K, used 33252K [0x00000000b6600000, 0x00000000bb480000, 0x00000000e7780000)
  object space 80384K, 41% used [0x00000000b6600000,0x00000000b86792d8,0x00000000bb480000)
 Metaspace       used 19225K, capacity 20068K, committed 20224K, reserved 1067008K
  class space    used 2746K, capacity 2960K, committed 3072K, reserved 1048576K
GC Heap History (10 events):
Event: 0.666 GC heap before
{Heap before GC invocations=1 (full 0):
 PSYoungGen      total 22016K, used 18944K [0x00000000e7780000, 0x00000000e9000000, 0x0000000100000000)
  eden space 18944K, 100% used [0x00000000e7780000,0x00000000e8a00000,0x00000000e8a00000)
  from space 3072K, 0% used [0x00000000e8d00000,0x00000000e8d00000,0x00000000e9000000)
  to   space 3072K, 0% used [0x00000000e8a00000,0x00000000e8a00000,0x00000000e8d00000)
 ParOldGen       total 50688K, used 0K [0x00000000b6600000, 0x00000000b9780000, 0x00000000e7780000)
  object space 50688K, 0% used [0x00000000b6600000,0x00000000b6600000,0x00000000b9780000)
 Metaspace       used 11196K, capacity 11630K, committed 11904K, reserved 1058816K
  class space    used 1466K, capacity 1605K, committed 1664K, reserved 1048576K
Event: 0.673 GC heap after
Heap after GC invocations=1 (full 0):
 PSYoungGen      total 22016K, used 2848K [0x00000000e7780000, 0x00000000ea280000, 0x0000000100000000)
  eden space 18944K, 0% used [0x00000000e7780000,0x00000000e7780000,0x00000000e8a00000)
  from space 3072K, 92% used [0x00000000e8a00000,0x00000000e8cc8020,0x00000000e8d00000)
  to   space 3072K, 0% used [0x00000000e9f80000,0x00000000e9f80000,0x00000000ea280000)
 ParOldGen       total 50688K, used 72K [0x00000000b6600000, 0x00000000b9780000, 0x00000000e7780000)
  object space 50688K, 0% used [0x00000000b6600000,0x00000000b6612010,0x00000000b9780000)
 Metaspace       used 11196K, capacity 11630K, committed 11904K, reserved 1058816K
  class space    used 1466K, capacity 1605K, committed 1664K, reserved 1048576K
}
Event: 1.745 GC heap before
{Heap before GC invocations=2 (full 0):
 PSYoungGen      total 22016K, used 21792K [0x00000000e7780000, 0x00000000ea280000, 0x0000000100000000)
  eden space 18944K, 100% used [0x00000000e7780000,0x00000000e8a00000,0x00000000e8a00000)
  from space 3072K, 92% used [0x00000000e8a00000,0x00000000e8cc8020,0x00000000e8d00000)
  to   space 3072K, 0% used [0x00000000e9f80000,0x00000000e9f80000,0x00000000ea280000)
 ParOldGen       total 50688K, used 72K [0x00000000b6600000, 0x00000000b9780000, 0x00000000e7780000)
  object space 50688K, 0% used [0x00000000b6600000,0x00000000b6612010,0x00000000b9780000)
 Metaspace       used 16057K, capacity 16666K, committed 16896K, reserved 1062912K
  class space    used 2316K, capacity 2505K, committed 2560K, reserved 1048576K
Event: 1.754 GC heap after
Heap after GC invocations=2 (full 0):
 PSYoungGen      total 22016K, used 3041K [0x00000000e7780000, 0x00000000ea280000, 0x0000000100000000)
  eden space 18944K, 0% used [0x00000000e7780000,0x00000000e7780000,0x00000000e8a00000)
  from space 3072K, 98% used [0x00000000e9f80000,0x00000000ea278430,0x00000000ea280000)
  to   space 3072K, 0% used [0x00000000e8a00000,0x00000000e8a00000,0x00000000e8d00000)
 ParOldGen       total 50688K, used 8664K [0x00000000b6600000, 0x00000000b9780000, 0x00000000e7780000)
  object space 50688K, 17% used [0x00000000b6600000,0x00000000b6e76210,0x00000000b9780000)
 Metaspace       used 16057K, capacity 16666K, committed 16896K, reserved 1062912K
  class space    used 2316K, capacity 2505K, committed 2560K, reserved 1048576K
}
Event: 2.811 GC heap before
{Heap before GC invocations=3 (full 0):
 PSYoungGen      total 22016K, used 20557K [0x00000000e7780000, 0x00000000ea280000, 0x0000000100000000)
  eden space 18944K, 92% used [0x00000000e7780000,0x00000000e889b070,0x00000000e8a00000)
  from space 3072K, 98% used [0x00000000e9f80000,0x00000000ea278430,0x00000000ea280000)
  to   space 3072K, 0% used [0x00000000e8a00000,0x00000000e8a00000,0x00000000e8d00000)
 ParOldGen       total 50688K, used 8664K [0x00000000b6600000, 0x00000000b9780000, 0x00000000e7780000)
  object space 50688K, 17% used [0x00000000b6600000,0x00000000b6e76210,0x00000000b9780000)
 Metaspace       used 16890K, capacity 17554K, committed 17792K, reserved 1064960K
  class space    used 2442K, capacity 2627K, committed 2688K, reserved 1048576K
Event: 2.820 GC heap after
Heap after GC invocations=3 (full 0):
 PSYoungGen      total 22016K, used 3065K [0x00000000e7780000, 0x00000000ea000000, 0x0000000100000000)
  eden space 18944K, 0% used [0x00000000e7780000,0x00000000e7780000,0x00000000e8a00000)
  from space 3072K, 99% used [0x00000000e8a00000,0x00000000e8cfe468,0x00000000e8d00000)
  to   space 3072K, 0% used [0x00000000e9d00000,0x00000000e9d00000,0x00000000ea000000)
 ParOldGen       total 50688K, used 31819K [0x00000000b6600000, 0x00000000b9780000, 0x00000000e7780000)
  object space 50688K, 62% used [0x00000000b6600000,0x00000000b8512ce8,0x00000000b9780000)
 Metaspace       used 16890K, capacity 17554K, committed 17792K, reserved 1064960K
  class space    used 2442K, capacity 2627K, committed 2688K, reserved 1048576K
}
Event: 2.820 GC heap before
{Heap before GC invocations=4 (full 1):
 PSYoungGen      total 22016K, used 3065K [0x00000000e7780000, 0x00000000ea000000, 0x0000000100000000)
  eden space 18944K, 0% used [0x00000000e7780000,0x00000000e7780000,0x00000000e8a00000)
  from space 3072K, 99% used [0x00000000e8a00000,0x00000000e8cfe468,0x00000000e8d00000)
  to   space 3072K, 0% used [0x00000000e9d00000,0x00000000e9d00000,0x00000000ea000000)
 ParOldGen       total 50688K, used 31819K [0x00000000b6600000, 0x00000000b9780000, 0x00000000e7780000)
  object space 50688K, 62% used [0x00000000b6600000,0x00000000b8512ce8,0x00000000b9780000)
 Metaspace       used 16890K, capacity 17554K, committed 17792K, reserved 1064960K
  class space    used 2442K, capacity 2627K, committed 2688K, reserved 1048576K
Event: 2.840 GC heap after
Heap after GC invocations=4 (full 1):
 PSYoungGen      total 22016K, used 0K [0x00000000e7780000, 0x00000000ea000000, 0x0000000100000000)
  eden space 18944K, 0% used [0x00000000e7780000,0x00000000e7780000,0x00000000e8a00000)
  from space 3072K, 0% used [0x00000000e8a00000,0x00000000e8a00000,0x00000000e8d00000)
  to   space 3072K, 0% used [0x00000000e9d00000,0x00000000e9d00000,0x00000000ea000000)
 ParOldGen       total 80384K, used 25277K [0x00000000b6600000, 0x00000000bb480000, 0x00000000e7780000)
  object space 80384K, 31% used [0x00000000b6600000,0x00000000b7eaf458,0x00000000bb480000)
 Metaspace       used 16890K, capacity 17554K, committed 17792K, reserved 1064960K
  class space    used 2442K, capacity 2627K, committed 2688K, reserved 1048576K
}
Event: 10.544 GC heap before
{Heap before GC invocations=5 (full 1):
 PSYoungGen      total 22016K, used 18770K [0x00000000e7780000, 0x00000000ea000000, 0x0000000100000000)
  eden space 18944K, 99% used [0x00000000e7780000,0x00000000e89d4b68,0x00000000e8a00000)
  from space 3072K, 0% used [0x00000000e8a00000,0x00000000e8a00000,0x00000000e8d00000)
  to   space 3072K, 0% used [0x00000000e9d00000,0x00000000e9d00000,0x00000000ea000000)
 ParOldGen       total 80384K, used 25277K [0x00000000b6600000, 0x00000000bb480000, 0x00000000e7780000)
  object space 80384K, 31% used [0x00000000b6600000,0x00000000b7eaf458,0x00000000bb480000)
 Metaspace       used 18922K, capacity 19732K, committed 19968K, reserved 1067008K
  class space    used 2744K, capacity 2958K, committed 3072K, reserved 1048576K
Event: 10.551 GC heap after
Heap after GC invocations=5 (full 1):
 PSYoungGen      total 31232K, used 3053K [0x00000000e7780000, 0x00000000ea000000, 0x0000000100000000)
  eden space 28160K, 0% used [0x00000000e7780000,0x00000000e7780000,0x00000000e9300000)
  from space 3072K, 99% used [0x00000000e9d00000,0x00000000e9ffb450,0x00000000ea000000)
  to   space 3072K, 0% used [0x00000000e9a00000,0x00000000e9a00000,0x00000000e9d00000)
 ParOldGen       total 80384K, used 33252K [0x00000000b6600000, 0x00000000bb480000, 0x00000000e7780000)
  object space 80384K, 41% used [0x00000000b6600000,0x00000000b86792d8,0x00000000bb480000)
 Metaspace       used 18922K, capacity 19732K, committed 19968K, reserved 1067008K
  class space    used 2744K, capacity 2958K, committed 3072K, reserved 1048576K
}

